<?xml version="1.0" encoding="UTF-8"?>
<!-- Generated by org.testng.reporters.JUnitReportReporter -->
<testsuite hostname="LAPTOP-KOCNJDVG" failures="0" tests="1" name="testlayer.LoginTest" time="16.766" errors="0" timestamp="2022-11-01T15:42:40 IST" skipped="0">
  <testcase classname="testlayer.LoginTest" name="loginAccount" time="16.766"/>
  <system-out/>
</testsuite> <!-- testlayer.LoginTest -->
