<?xml version="1.0" encoding="UTF-8"?>
<!-- Generated by org.testng.reporters.JUnitReportReporter -->
<testsuite hostname="LAPTOP-KOCNJDVG" failures="0" tests="1" name="testlayer.LoginTest" time="20.353" errors="0" timestamp="2022-11-02T17:33:13 IST" skipped="0">
  <testcase classname="testlayer.LoginTest" name="loginAccount" time="20.353"/>
  <system-out/>
</testsuite> <!-- testlayer.LoginTest -->
